Flutter crash report.
Please report a bug at https://github.com/flutter/flutter/issues.

## command

flutter run

## exception

DartDevelopmentServiceException: DartDevelopmentServiceException: Failed to start Dart Development Service

```
```

## flutter doctor

```
[33m[!][39m Flutter (Channel stable, 3.35.2, on macOS 14.5 23F79 darwin-arm64, locale en-IN) [393ms]
    [32m•[39m Flutter version 3.35.2 on channel stable at /Users/rajeshkumar/Downloads/flutter
    [33m![39m Warning: `dart` on your path resolves to
      /opt/homebrew/Cellar/dart/3.9.2/libexec/bin/dart, which is not inside your current
      Flutter SDK checkout at /Users/rajeshkumar/Downloads/flutter. Consider adding
      /Users/rajeshkumar/Downloads/flutter/bin to the front of your path.
    [32m•[39m Upstream repository https://github.com/flutter/flutter.git
    [32m•[39m Framework revision 05db968908 (5 weeks ago), 2025-08-25 10:21:35 -0700
    [32m•[39m Engine revision a8bfdfc394
    [32m•[39m Dart version 3.9.0
    [32m•[39m DevTools version 2.48.0
    [32m•[39m Feature flags: enable-web, enable-linux-desktop, enable-macos-desktop,
      enable-windows-desktop, enable-android, enable-ios, cli-animations, enable-lldb-debugging
    [32m•[39m If those were intentional, you can disregard the above warnings; however it is
      recommended to use "git" directly to perform update checks and upgrades.

[33m[!][39m Android toolchain - develop for Android devices (Android SDK version 35.0.1) [6.8s]
    [32m•[39m Android SDK at /Users/rajeshkumar/Library/Android/sdk
    [32m•[39m Emulator version 35.5.10.0 (build_id 13402964) (CL:N/A)
    [31m✗[39m cmdline-tools component is missing.
      Try installing or updating Android Studio.
      Alternatively, download the tools from
      https://developer.android.com/studio#command-line-tools-only and make sure to set the
      ANDROID_HOME environment variable.
      See https://developer.android.com/studio/command-line for more details.
    [31m✗[39m Android license status unknown.
      Run `flutter doctor --android-licenses` to accept the SDK licenses.
      See https://flutter.dev/to/macos-android-setup for more details.

[33m[!][39m Xcode - develop for iOS and macOS [4.3s]
    [31m✗[39m Xcode installation is incomplete; a full installation is necessary for iOS and macOS
      development.
      Download at: https://developer.apple.com/xcode/
      Or install Xcode via the App Store.
      Once installed, run:
        sudo xcode-select --switch /Applications/Xcode.app/Contents/Developer
        sudo xcodebuild -runFirstLaunch
    [32m•[39m CocoaPods version 1.16.2

[32m[✓][39m Chrome - develop for the web [27ms]
    [32m•[39m Chrome at /Applications/Google Chrome.app/Contents/MacOS/Google Chrome

[32m[✓][39m Android Studio (version 2024.3) [26ms]
    [32m•[39m Android Studio at /Applications/Android Studio.app/Contents
    [32m•[39m Flutter plugin can be installed from:
      🔨 https://plugins.jetbrains.com/plugin/9212-flutter
    [32m•[39m Dart plugin can be installed from:
      🔨 https://plugins.jetbrains.com/plugin/6351-dart
    [32m•[39m Java version OpenJDK Runtime Environment (build 21.0.6+-13368085-b895.109)

[32m[✓][39m VS Code (version 1.103.2) [24ms]
    [32m•[39m VS Code at /Users/rajeshkumar/Downloads/Visual Studio Code.app/Contents
    [32m•[39m Flutter extension can be installed from:
      🔨 https://marketplace.visualstudio.com/items?itemName=Dart-Code.flutter

[32m[✓][39m Connected device (2 available) [104ms]
    [32m•[39m macOS (desktop) • macos  • darwin-arm64   • macOS 14.5 23F79 darwin-arm64
    [32m•[39m Chrome (web)    • chrome • web-javascript • Google Chrome 140.0.7339.213

[32m[✓][39m Network resources [1,330ms]
    [32m•[39m All expected network resources are available.

[33m![39m Doctor found issues in 3 categories.
```
